<?xml version="1.0" encoding="UTF-8"?>
<!-- Generated by org.testng.reporters.JUnitXMLReporter -->
<testsuite hostname="DESKTOP-QA7IFKP" ignored="0" name="Default test" tests="5" failures="0" timestamp="2022-08-24T13:05:29 IST" time="2.442" errors="0">
  <testcase name="read" time="0.011" classname="practicepackage.ReadFromExcel"/>
  <testcase name="read" time="0.006" classname="practicepackage.ReadFromExcel"/>
  <testcase name="read" time="0.016" classname="practicepackage.ReadFromExcel"/>
  <testcase name="read" time="0.008" classname="practicepackage.ReadFromExcel"/>
  <testcase name="read" time="0.004" classname="practicepackage.ReadFromExcel"/>
</testsuite> <!-- Default test -->
