<?xml version="1.0" encoding="UTF-8"?>
<!-- Generated by org.testng.reporters.JUnitXMLReporter -->
<testsuite hostname="Shashidharswamy" ignored="2" name="Test1" tests="2" failures="0" timestamp="2022-11-25T23:49:06 IST" time="0.066" errors="0">
  <testcase name="test2" time="0.01" classname="Practice22112022.Delete"/>
  <testcase name="test1" time="0.002" classname="Practice22112022.createTest"/>
  <testcase name="test2" time="0.0" classname="Practice22112022.createTest">
    <ignored/>
  </testcase> <!-- test2 -->
  <testcase name="test1" time="0.0" classname="Practice22112022.Delete">
    <ignored/>
  </testcase> <!-- test1 -->
</testsuite> <!-- Test1 -->
