<?xml version="1.0" encoding="UTF-8"?>
<testng-results skipped="0" failed="0" ignored="0" total="5" passed="5">
  <reporter-output>
  </reporter-output>
  <suite name="Default suite" duration-ms="2442" started-at="2022-08-24T13:05:27 IST" finished-at="2022-08-24T13:05:29 IST">
    <groups>
    </groups>
    <test name="Default test" duration-ms="2442" started-at="2022-08-24T13:05:27 IST" finished-at="2022-08-24T13:05:29 IST">
      <class name="practicepackage.ReadFromExcel">
        <test-method status="PASS" signature="read(java.lang.String,java.lang.String)[pri:0, instance:practicepackage.ReadFromExcel@3d921e20]" name="read" duration-ms="11" started-at="2022-08-24T13:05:29 IST" data-provider="sentData" finished-at="2022-08-24T13:05:29 IST">
          <params>
            <param index="0">
              <value>
                <![CDATA[shashi@as12]]>
              </value>
            </param>
            <param index="1">
              <value>
                <![CDATA[4545345.0]]>
              </value>
            </param>
          </params>
          <reporter-output>
          </reporter-output>
        </test-method> <!-- read -->
        <test-method status="PASS" signature="read(java.lang.String,java.lang.String)[pri:0, instance:practicepackage.ReadFromExcel@3d921e20]" name="read" duration-ms="6" started-at="2022-08-24T13:05:29 IST" data-provider="sentData" finished-at="2022-08-24T13:05:29 IST">
          <params>
            <param index="0">
              <value>
                <![CDATA[manja#yuva]]>
              </value>
            </param>
            <param index="1">
              <value>
                <![CDATA[9.7897897E7]]>
              </value>
            </param>
          </params>
          <reporter-output>
          </reporter-output>
        </test-method> <!-- read -->
        <test-method status="PASS" signature="read(java.lang.String,java.lang.String)[pri:0, instance:practicepackage.ReadFromExcel@3d921e20]" name="read" duration-ms="16" started-at="2022-08-24T13:05:29 IST" data-provider="sentData" finished-at="2022-08-24T13:05:29 IST">
          <params>
            <param index="0">
              <value>
                <![CDATA[suprita]]>
              </value>
            </param>
            <param index="1">
              <value>
                <![CDATA[342344.0]]>
              </value>
            </param>
          </params>
          <reporter-output>
          </reporter-output>
        </test-method> <!-- read -->
        <test-method status="PASS" signature="read(java.lang.String,java.lang.String)[pri:0, instance:practicepackage.ReadFromExcel@3d921e20]" name="read" duration-ms="8" started-at="2022-08-24T13:05:29 IST" data-provider="sentData" finished-at="2022-08-24T13:05:29 IST">
          <params>
            <param index="0">
              <value>
                <![CDATA[sushma]]>
              </value>
            </param>
            <param index="1">
              <value>
                <![CDATA[8978989.0]]>
              </value>
            </param>
          </params>
          <reporter-output>
          </reporter-output>
        </test-method> <!-- read -->
        <test-method status="PASS" signature="read(java.lang.String,java.lang.String)[pri:0, instance:practicepackage.ReadFromExcel@3d921e20]" name="read" duration-ms="4" started-at="2022-08-24T13:05:29 IST" data-provider="sentData" finished-at="2022-08-24T13:05:29 IST">
          <params>
            <param index="0">
              <value>
                <![CDATA[suraj]]>
              </value>
            </param>
            <param index="1">
              <value>
                <![CDATA[76564.0]]>
              </value>
            </param>
          </params>
          <reporter-output>
          </reporter-output>
        </test-method> <!-- read -->
      </class> <!-- practicepackage.ReadFromExcel -->
    </test> <!-- Default test -->
  </suite> <!-- Default suite -->
</testng-results>
